find_executable: checking for pg_config... -------------------- yes

--------------------

"gcc -o conftest -I/Users/coreydavis/.rvm/rubies/ruby-2.1.2/include/ruby-2.1.0/x86_64-darwin13.0 -I/Users/coreydavis/.rvm/rubies/ruby-2.1.2/include/ruby-2.1.0/ruby/backward -I/Users/coreydavis/.rvm/rubies/ruby-2.1.2/include/ruby-2.1.0 -I. -I/usr/local/Cellar/postgresql/9.3.5/include -D_XOPEN_SOURCE -D_DARWIN_C_SOURCE -D_DARWIN_UNLIMITED_SELECT -D_REENTRANT   -O3 -I/Users/travis/.sm/pkg/active/include -fPIC -mmacosx-version-min=10.7 -pipe conftest.c  -L. -L/Users/coreydavis/.rvm/rubies/ruby-2.1.2/lib -L/usr/local/Cellar/postgresql/9.3.5/lib -L. -L/Users/travis/.sm/pkg/active/lib -fPIC -Bstatic -fstack-protector   -arch x86_64   -lruby-static -framework CoreFoundation  -lpthread -ldl -lobjc "
ld: warning: directory not found for option '-L/Users/travis/.sm/pkg/active/lib'
checked program was:
/* begin */
1: #include "ruby.h"
2: 
3: int main(int argc, char **argv)
4: {
5:   return 0;
6: }
/* end */

"gcc -o conftest -I/Users/coreydavis/.rvm/rubies/ruby-2.1.2/include/ruby-2.1.0/x86_64-darwin13.0 -I/Users/coreydavis/.rvm/rubies/ruby-2.1.2/include/ruby-2.1.0/ruby/backward -I/Users/coreydavis/.rvm/rubies/ruby-2.1.2/include/ruby-2.1.0 -I. -I/usr/local/Cellar/postgresql/9.3.5/include -D_XOPEN_SOURCE -D_DARWIN_C_SOURCE -D_DARWIN_UNLIMITED_SELECT -D_REENTRANT   -O3 -I/Users/travis/.sm/pkg/active/include -fPIC -mmacosx-version-min=10.7 -pipe conftest.c  -L. -L/Users/coreydavis/.rvm/rubies/ruby-2.1.2/lib -L/usr/local/Cellar/postgresql/9.3.5/lib -L. -L/Users/travis/.sm/pkg/active/lib -fPIC -Bstatic -fstack-protector   -arch x86_64   -lruby-static -framework CoreFoundation  -Wl,-rpath,/usr/local/Cellar/postgresql/9.3.5/lib -lpthread -ldl -lobjc "
ld: warning: directory not found for option '-L/Users/travis/.sm/pkg/active/lib'
checked program was:
/* begin */
1: #include "ruby.h"
2: 
3: int main() {return 0;}
/* end */

find_header: checking for libpq-fe.h... -------------------- yes

"gcc -E -I/Users/coreydavis/.rvm/rubies/ruby-2.1.2/include/ruby-2.1.0/x86_64-darwin13.0 -I/Users/coreydavis/.rvm/rubies/ruby-2.1.2/include/ruby-2.1.0/ruby/backward -I/Users/coreydavis/.rvm/rubies/ruby-2.1.2/include/ruby-2.1.0 -I. -I/usr/local/Cellar/postgresql/9.3.5/include -D_XOPEN_SOURCE -D_DARWIN_C_SOURCE -D_DARWIN_UNLIMITED_SELECT -D_REENTRANT   -O3 -I/Users/travis/.sm/pkg/active/include -fPIC -mmacosx-version-min=10.7 -pipe  conftest.c -o conftest.i"
checked program was:
/* begin */
1: #include "ruby.h"
2: 
3: #include <libpq-fe.h>
/* end */

--------------------

find_header: checking for libpq/libpq-fs.h... -------------------- yes

"gcc -E -I/Users/coreydavis/.rvm/rubies/ruby-2.1.2/include/ruby-2.1.0/x86_64-darwin13.0 -I/Users/coreydavis/.rvm/rubies/ruby-2.1.2/include/ruby-2.1.0/ruby/backward -I/Users/coreydavis/.rvm/rubies/ruby-2.1.2/include/ruby-2.1.0 -I. -I/usr/local/Cellar/postgresql/9.3.5/include -D_XOPEN_SOURCE -D_DARWIN_C_SOURCE -D_DARWIN_UNLIMITED_SELECT -D_REENTRANT   -O3 -I/Users/travis/.sm/pkg/active/include -fPIC -mmacosx-version-min=10.7 -pipe  conftest.c -o conftest.i"
checked program was:
/* begin */
1: #include "ruby.h"
2: 
3: #include <libpq/libpq-fs.h>
/* end */

--------------------

find_header: checking for pg_config_manual.h... -------------------- yes

"gcc -E -I/Users/coreydavis/.rvm/rubies/ruby-2.1.2/include/ruby-2.1.0/x86_64-darwin13.0 -I/Users/coreydavis/.rvm/rubies/ruby-2.1.2/include/ruby-2.1.0/ruby/backward -I/Users/coreydavis/.rvm/rubies/ruby-2.1.2/include/ruby-2.1.0 -I. -I/usr/local/Cellar/postgresql/9.3.5/include -D_XOPEN_SOURCE -D_DARWIN_C_SOURCE -D_DARWIN_UNLIMITED_SELECT -D_REENTRANT   -O3 -I/Users/travis/.sm/pkg/active/include -fPIC -mmacosx-version-min=10.7 -pipe  conftest.c -o conftest.i"
checked program was:
/* begin */
1: #include "ruby.h"
2: 
3: #include <pg_config_manual.h>
/* end */

--------------------

have_library: checking for PQconnectdb() in -lpq... -------------------- yes

"gcc -o conftest -I/Users/coreydavis/.rvm/rubies/ruby-2.1.2/include/ruby-2.1.0/x86_64-darwin13.0 -I/Users/coreydavis/.rvm/rubies/ruby-2.1.2/include/ruby-2.1.0/ruby/backward -I/Users/coreydavis/.rvm/rubies/ruby-2.1.2/include/ruby-2.1.0 -I. -I/usr/local/Cellar/postgresql/9.3.5/include -D_XOPEN_SOURCE -D_DARWIN_C_SOURCE -D_DARWIN_UNLIMITED_SELECT -D_REENTRANT   -O3 -I/Users/travis/.sm/pkg/active/include -fPIC -mmacosx-version-min=10.7 -pipe conftest.c  -L. -L/Users/coreydavis/.rvm/rubies/ruby-2.1.2/lib -L/usr/local/Cellar/postgresql/9.3.5/lib -L. -L/Users/travis/.sm/pkg/active/lib -fPIC -Bstatic -fstack-protector -Wl,-rpath,/usr/local/Cellar/postgresql/9.3.5/lib   -arch x86_64   -lruby-static -framework CoreFoundation -lpq  -lpthread -ldl -lobjc "
ld: warning: directory not found for option '-L/Users/travis/.sm/pkg/active/lib'
checked program was:
/* begin */
 1: #include "ruby.h"
 2: 
 3: #include <libpq-fe.h>
 4: 
 5: /*top*/
 6: extern int t(void);
 7: int main(int argc, char **argv)
 8: {
 9:   if (argc > 1000000) {
10:     printf("%p", &t);
11:   }
12: 
13:   return 0;
14: }
15: int t(void) { void ((*volatile p)()); p = (void ((*)()))PQconnectdb; return 0; }
/* end */

--------------------

have_func: checking for PQconnectionUsedPassword()... -------------------- yes

"gcc -o conftest -I/Users/coreydavis/.rvm/rubies/ruby-2.1.2/include/ruby-2.1.0/x86_64-darwin13.0 -I/Users/coreydavis/.rvm/rubies/ruby-2.1.2/include/ruby-2.1.0/ruby/backward -I/Users/coreydavis/.rvm/rubies/ruby-2.1.2/include/ruby-2.1.0 -I. -I/usr/local/Cellar/postgresql/9.3.5/include -D_XOPEN_SOURCE -D_DARWIN_C_SOURCE -D_DARWIN_UNLIMITED_SELECT -D_REENTRANT   -O3 -I/Users/travis/.sm/pkg/active/include -fPIC -mmacosx-version-min=10.7 -pipe conftest.c  -L. -L/Users/coreydavis/.rvm/rubies/ruby-2.1.2/lib -L/usr/local/Cellar/postgresql/9.3.5/lib -L. -L/Users/travis/.sm/pkg/active/lib -fPIC -Bstatic -fstack-protector -Wl,-rpath,/usr/local/Cellar/postgresql/9.3.5/lib   -arch x86_64  -lpq  -lruby-static -framework CoreFoundation -lpq  -lpthread -ldl -lobjc "
conftest.c:13:57: error: use of undeclared identifier 'PQconnectionUsedPassword'
int t(void) { void ((*volatile p)()); p = (void ((*)()))PQconnectionUsedPassword; return 0; }
                                                        ^
1 error generated.
checked program was:
/* begin */
 1: #include "ruby.h"
 2: 
 3: /*top*/
 4: extern int t(void);
 5: int main(int argc, char **argv)
 6: {
 7:   if (argc > 1000000) {
 8:     printf("%p", &t);
 9:   }
10: 
11:   return 0;
12: }
13: int t(void) { void ((*volatile p)()); p = (void ((*)()))PQconnectionUsedPassword; return 0; }
/* end */

"gcc -o conftest -I/Users/coreydavis/.rvm/rubies/ruby-2.1.2/include/ruby-2.1.0/x86_64-darwin13.0 -I/Users/coreydavis/.rvm/rubies/ruby-2.1.2/include/ruby-2.1.0/ruby/backward -I/Users/coreydavis/.rvm/rubies/ruby-2.1.2/include/ruby-2.1.0 -I. -I/usr/local/Cellar/postgresql/9.3.5/include -D_XOPEN_SOURCE -D_DARWIN_C_SOURCE -D_DARWIN_UNLIMITED_SELECT -D_REENTRANT   -O3 -I/Users/travis/.sm/pkg/active/include -fPIC -mmacosx-version-min=10.7 -pipe conftest.c  -L. -L/Users/coreydavis/.rvm/rubies/ruby-2.1.2/lib -L/usr/local/Cellar/postgresql/9.3.5/lib -L. -L/Users/travis/.sm/pkg/active/lib -fPIC -Bstatic -fstack-protector -Wl,-rpath,/usr/local/Cellar/postgresql/9.3.5/lib   -arch x86_64  -lpq  -lruby-static -framework CoreFoundation -lpq  -lpthread -ldl -lobjc "
conftest.c:13:15: warning: implicit declaration of function 'PQconnectionUsedPassword' is invalid in C99 [-Wimplicit-function-declaration]
int t(void) { PQconnectionUsedPassword(); return 0; }
              ^
1 warning generated.
ld: warning: directory not found for option '-L/Users/travis/.sm/pkg/active/lib'
checked program was:
/* begin */
 1: #include "ruby.h"
 2: 
 3: /*top*/
 4: extern int t(void);
 5: int main(int argc, char **argv)
 6: {
 7:   if (argc > 1000000) {
 8:     printf("%p", &t);
 9:   }
10: 
11:   return 0;
12: }
13: int t(void) { PQconnectionUsedPassword(); return 0; }
/* end */

--------------------

have_func: checking for PQisthreadsafe()... -------------------- yes

"gcc -o conftest -I/Users/coreydavis/.rvm/rubies/ruby-2.1.2/include/ruby-2.1.0/x86_64-darwin13.0 -I/Users/coreydavis/.rvm/rubies/ruby-2.1.2/include/ruby-2.1.0/ruby/backward -I/Users/coreydavis/.rvm/rubies/ruby-2.1.2/include/ruby-2.1.0 -I. -I/usr/local/Cellar/postgresql/9.3.5/include -D_XOPEN_SOURCE -D_DARWIN_C_SOURCE -D_DARWIN_UNLIMITED_SELECT -D_REENTRANT   -O3 -I/Users/travis/.sm/pkg/active/include -fPIC -mmacosx-version-min=10.7 -pipe conftest.c  -L. -L/Users/coreydavis/.rvm/rubies/ruby-2.1.2/lib -L/usr/local/Cellar/postgresql/9.3.5/lib -L. -L/Users/travis/.sm/pkg/active/lib -fPIC -Bstatic -fstack-protector -Wl,-rpath,/usr/local/Cellar/postgresql/9.3.5/lib   -arch x86_64  -lpq  -lruby-static -framework CoreFoundation -lpq  -lpthread -ldl -lobjc "
conftest.c:13:57: error: use of undeclared identifier 'PQisthreadsafe'
int t(void) { void ((*volatile p)()); p = (void ((*)()))PQisthreadsafe; return 0; }
                                                        ^
1 error generated.
checked program was:
/* begin */
 1: #include "ruby.h"
 2: 
 3: /*top*/
 4: extern int t(void);
 5: int main(int argc, char **argv)
 6: {
 7:   if (argc > 1000000) {
 8:     printf("%p", &t);
 9:   }
10: 
11:   return 0;
12: }
13: int t(void) { void ((*volatile p)()); p = (void ((*)()))PQisthreadsafe; return 0; }
/* end */

"gcc -o conftest -I/Users/coreydavis/.rvm/rubies/ruby-2.1.2/include/ruby-2.1.0/x86_64-darwin13.0 -I/Users/coreydavis/.rvm/rubies/ruby-2.1.2/include/ruby-2.1.0/ruby/backward -I/Users/coreydavis/.rvm/rubies/ruby-2.1.2/include/ruby-2.1.0 -I. -I/usr/local/Cellar/postgresql/9.3.5/include -D_XOPEN_SOURCE -D_DARWIN_C_SOURCE -D_DARWIN_UNLIMITED_SELECT -D_REENTRANT   -O3 -I/Users/travis/.sm/pkg/active/include -fPIC -mmacosx-version-min=10.7 -pipe conftest.c  -L. -L/Users/coreydavis/.rvm/rubies/ruby-2.1.2/lib -L/usr/local/Cellar/postgresql/9.3.5/lib -L. -L/Users/travis/.sm/pkg/active/lib -fPIC -Bstatic -fstack-protector -Wl,-rpath,/usr/local/Cellar/postgresql/9.3.5/lib   -arch x86_64  -lpq  -lruby-static -framework CoreFoundation -lpq  -lpthread -ldl -lobjc "
conftest.c:13:15: warning: implicit declaration of function 'PQisthreadsafe' is invalid in C99 [-Wimplicit-function-declaration]
int t(void) { PQisthreadsafe(); return 0; }
              ^
1 warning generated.
ld: warning: directory not found for option '-L/Users/travis/.sm/pkg/active/lib'
checked program was:
/* begin */
 1: #include "ruby.h"
 2: 
 3: /*top*/
 4: extern int t(void);
 5: int main(int argc, char **argv)
 6: {
 7:   if (argc > 1000000) {
 8:     printf("%p", &t);
 9:   }
10: 
11:   return 0;
12: }
13: int t(void) { PQisthreadsafe(); return 0; }
/* end */

--------------------

have_func: checking for PQprepare()... -------------------- yes

"gcc -o conftest -I/Users/coreydavis/.rvm/rubies/ruby-2.1.2/include/ruby-2.1.0/x86_64-darwin13.0 -I/Users/coreydavis/.rvm/rubies/ruby-2.1.2/include/ruby-2.1.0/ruby/backward -I/Users/coreydavis/.rvm/rubies/ruby-2.1.2/include/ruby-2.1.0 -I. -I/usr/local/Cellar/postgresql/9.3.5/include -D_XOPEN_SOURCE -D_DARWIN_C_SOURCE -D_DARWIN_UNLIMITED_SELECT -D_REENTRANT   -O3 -I/Users/travis/.sm/pkg/active/include -fPIC -mmacosx-version-min=10.7 -pipe conftest.c  -L. -L/Users/coreydavis/.rvm/rubies/ruby-2.1.2/lib -L/usr/local/Cellar/postgresql/9.3.5/lib -L. -L/Users/travis/.sm/pkg/active/lib -fPIC -Bstatic -fstack-protector -Wl,-rpath,/usr/local/Cellar/postgresql/9.3.5/lib   -arch x86_64  -lpq  -lruby-static -framework CoreFoundation -lpq  -lpthread -ldl -lobjc "
conftest.c:13:57: error: use of undeclared identifier 'PQprepare'
int t(void) { void ((*volatile p)()); p = (void ((*)()))PQprepare; return 0; }
                                                        ^
1 error generated.
checked program was:
/* begin */
 1: #include "ruby.h"
 2: 
 3: /*top*/
 4: extern int t(void);
 5: int main(int argc, char **argv)
 6: {
 7:   if (argc > 1000000) {
 8:     printf("%p", &t);
 9:   }
10: 
11:   return 0;
12: }
13: int t(void) { void ((*volatile p)()); p = (void ((*)()))PQprepare; return 0; }
/* end */

"gcc -o conftest -I/Users/coreydavis/.rvm/rubies/ruby-2.1.2/include/ruby-2.1.0/x86_64-darwin13.0 -I/Users/coreydavis/.rvm/rubies/ruby-2.1.2/include/ruby-2.1.0/ruby/backward -I/Users/coreydavis/.rvm/rubies/ruby-2.1.2/include/ruby-2.1.0 -I. -I/usr/local/Cellar/postgresql/9.3.5/include -D_XOPEN_SOURCE -D_DARWIN_C_SOURCE -D_DARWIN_UNLIMITED_SELECT -D_REENTRANT   -O3 -I/Users/travis/.sm/pkg/active/include -fPIC -mmacosx-version-min=10.7 -pipe conftest.c  -L. -L/Users/coreydavis/.rvm/rubies/ruby-2.1.2/lib -L/usr/local/Cellar/postgresql/9.3.5/lib -L. -L/Users/travis/.sm/pkg/active/lib -fPIC -Bstatic -fstack-protector -Wl,-rpath,/usr/local/Cellar/postgresql/9.3.5/lib   -arch x86_64  -lpq  -lruby-static -framework CoreFoundation -lpq  -lpthread -ldl -lobjc "
conftest.c:13:15: warning: implicit declaration of function 'PQprepare' is invalid in C99 [-Wimplicit-function-declaration]
int t(void) { PQprepare(); return 0; }
              ^
1 warning generated.
ld: warning: directory not found for option '-L/Users/travis/.sm/pkg/active/lib'
checked program was:
/* begin */
 1: #include "ruby.h"
 2: 
 3: /*top*/
 4: extern int t(void);
 5: int main(int argc, char **argv)
 6: {
 7:   if (argc > 1000000) {
 8:     printf("%p", &t);
 9:   }
10: 
11:   return 0;
12: }
13: int t(void) { PQprepare(); return 0; }
/* end */

--------------------

have_func: checking for PQexecParams()... -------------------- yes

"gcc -o conftest -I/Users/coreydavis/.rvm/rubies/ruby-2.1.2/include/ruby-2.1.0/x86_64-darwin13.0 -I/Users/coreydavis/.rvm/rubies/ruby-2.1.2/include/ruby-2.1.0/ruby/backward -I/Users/coreydavis/.rvm/rubies/ruby-2.1.2/include/ruby-2.1.0 -I. -I/usr/local/Cellar/postgresql/9.3.5/include -D_XOPEN_SOURCE -D_DARWIN_C_SOURCE -D_DARWIN_UNLIMITED_SELECT -D_REENTRANT   -O3 -I/Users/travis/.sm/pkg/active/include -fPIC -mmacosx-version-min=10.7 -pipe conftest.c  -L. -L/Users/coreydavis/.rvm/rubies/ruby-2.1.2/lib -L/usr/local/Cellar/postgresql/9.3.5/lib -L. -L/Users/travis/.sm/pkg/active/lib -fPIC -Bstatic -fstack-protector -Wl,-rpath,/usr/local/Cellar/postgresql/9.3.5/lib   -arch x86_64  -lpq  -lruby-static -framework CoreFoundation -lpq  -lpthread -ldl -lobjc "
conftest.c:13:57: error: use of undeclared identifier 'PQexecParams'
int t(void) { void ((*volatile p)()); p = (void ((*)()))PQexecParams; return 0; }
                                                        ^
1 error generated.
checked program was:
/* begin */
 1: #include "ruby.h"
 2: 
 3: /*top*/
 4: extern int t(void);
 5: int main(int argc, char **argv)
 6: {
 7:   if (argc > 1000000) {
 8:     printf("%p", &t);
 9:   }
10: 
11:   return 0;
12: }
13: int t(void) { void ((*volatile p)()); p = (void ((*)()))PQexecParams; return 0; }
/* end */

"gcc -o conftest -I/Users/coreydavis/.rvm/rubies/ruby-2.1.2/include/ruby-2.1.0/x86_64-darwin13.0 -I/Users/coreydavis/.rvm/rubies/ruby-2.1.2/include/ruby-2.1.0/ruby/backward -I/Users/coreydavis/.rvm/rubies/ruby-2.1.2/include/ruby-2.1.0 -I. -I/usr/local/Cellar/postgresql/9.3.5/include -D_XOPEN_SOURCE -D_DARWIN_C_SOURCE -D_DARWIN_UNLIMITED_SELECT -D_REENTRANT   -O3 -I/Users/travis/.sm/pkg/active/include -fPIC -mmacosx-version-min=10.7 -pipe conftest.c  -L. -L/Users/coreydavis/.rvm/rubies/ruby-2.1.2/lib -L/usr/local/Cellar/postgresql/9.3.5/lib -L. -L/Users/travis/.sm/pkg/active/lib -fPIC -Bstatic -fstack-protector -Wl,-rpath,/usr/local/Cellar/postgresql/9.3.5/lib   -arch x86_64  -lpq  -lruby-static -framework CoreFoundation -lpq  -lpthread -ldl -lobjc "
conftest.c:13:15: warning: implicit declaration of function 'PQexecParams' is invalid in C99 [-Wimplicit-function-declaration]
int t(void) { PQexecParams(); return 0; }
              ^
1 warning generated.
ld: warning: directory not found for option '-L/Users/travis/.sm/pkg/active/lib'
checked program was:
/* begin */
 1: #include "ruby.h"
 2: 
 3: /*top*/
 4: extern int t(void);
 5: int main(int argc, char **argv)
 6: {
 7:   if (argc > 1000000) {
 8:     printf("%p", &t);
 9:   }
10: 
11:   return 0;
12: }
13: int t(void) { PQexecParams(); return 0; }
/* end */

--------------------

have_func: checking for PQescapeString()... -------------------- yes

"gcc -o conftest -I/Users/coreydavis/.rvm/rubies/ruby-2.1.2/include/ruby-2.1.0/x86_64-darwin13.0 -I/Users/coreydavis/.rvm/rubies/ruby-2.1.2/include/ruby-2.1.0/ruby/backward -I/Users/coreydavis/.rvm/rubies/ruby-2.1.2/include/ruby-2.1.0 -I. -I/usr/local/Cellar/postgresql/9.3.5/include -D_XOPEN_SOURCE -D_DARWIN_C_SOURCE -D_DARWIN_UNLIMITED_SELECT -D_REENTRANT   -O3 -I/Users/travis/.sm/pkg/active/include -fPIC -mmacosx-version-min=10.7 -pipe conftest.c  -L. -L/Users/coreydavis/.rvm/rubies/ruby-2.1.2/lib -L/usr/local/Cellar/postgresql/9.3.5/lib -L. -L/Users/travis/.sm/pkg/active/lib -fPIC -Bstatic -fstack-protector -Wl,-rpath,/usr/local/Cellar/postgresql/9.3.5/lib   -arch x86_64  -lpq  -lruby-static -framework CoreFoundation -lpq  -lpthread -ldl -lobjc "
conftest.c:13:57: error: use of undeclared identifier 'PQescapeString'
int t(void) { void ((*volatile p)()); p = (void ((*)()))PQescapeString; return 0; }
                                                        ^
1 error generated.
checked program was:
/* begin */
 1: #include "ruby.h"
 2: 
 3: /*top*/
 4: extern int t(void);
 5: int main(int argc, char **argv)
 6: {
 7:   if (argc > 1000000) {
 8:     printf("%p", &t);
 9:   }
10: 
11:   return 0;
12: }
13: int t(void) { void ((*volatile p)()); p = (void ((*)()))PQescapeString; return 0; }
/* end */

"gcc -o conftest -I/Users/coreydavis/.rvm/rubies/ruby-2.1.2/include/ruby-2.1.0/x86_64-darwin13.0 -I/Users/coreydavis/.rvm/rubies/ruby-2.1.2/include/ruby-2.1.0/ruby/backward -I/Users/coreydavis/.rvm/rubies/ruby-2.1.2/include/ruby-2.1.0 -I. -I/usr/local/Cellar/postgresql/9.3.5/include -D_XOPEN_SOURCE -D_DARWIN_C_SOURCE -D_DARWIN_UNLIMITED_SELECT -D_REENTRANT   -O3 -I/Users/travis/.sm/pkg/active/include -fPIC -mmacosx-version-min=10.7 -pipe conftest.c  -L. -L/Users/coreydavis/.rvm/rubies/ruby-2.1.2/lib -L/usr/local/Cellar/postgresql/9.3.5/lib -L. -L/Users/travis/.sm/pkg/active/lib -fPIC -Bstatic -fstack-protector -Wl,-rpath,/usr/local/Cellar/postgresql/9.3.5/lib   -arch x86_64  -lpq  -lruby-static -framework CoreFoundation -lpq  -lpthread -ldl -lobjc "
conftest.c:13:15: warning: implicit declaration of function 'PQescapeString' is invalid in C99 [-Wimplicit-function-declaration]
int t(void) { PQescapeString(); return 0; }
              ^
1 warning generated.
ld: warning: directory not found for option '-L/Users/travis/.sm/pkg/active/lib'
checked program was:
/* begin */
 1: #include "ruby.h"
 2: 
 3: /*top*/
 4: extern int t(void);
 5: int main(int argc, char **argv)
 6: {
 7:   if (argc > 1000000) {
 8:     printf("%p", &t);
 9:   }
10: 
11:   return 0;
12: }
13: int t(void) { PQescapeString(); return 0; }
/* end */

--------------------

have_func: checking for PQescapeStringConn()... -------------------- yes

"gcc -o conftest -I/Users/coreydavis/.rvm/rubies/ruby-2.1.2/include/ruby-2.1.0/x86_64-darwin13.0 -I/Users/coreydavis/.rvm/rubies/ruby-2.1.2/include/ruby-2.1.0/ruby/backward -I/Users/coreydavis/.rvm/rubies/ruby-2.1.2/include/ruby-2.1.0 -I. -I/usr/local/Cellar/postgresql/9.3.5/include -D_XOPEN_SOURCE -D_DARWIN_C_SOURCE -D_DARWIN_UNLIMITED_SELECT -D_REENTRANT   -O3 -I/Users/travis/.sm/pkg/active/include -fPIC -mmacosx-version-min=10.7 -pipe conftest.c  -L. -L/Users/coreydavis/.rvm/rubies/ruby-2.1.2/lib -L/usr/local/Cellar/postgresql/9.3.5/lib -L. -L/Users/travis/.sm/pkg/active/lib -fPIC -Bstatic -fstack-protector -Wl,-rpath,/usr/local/Cellar/postgresql/9.3.5/lib   -arch x86_64  -lpq  -lruby-static -framework CoreFoundation -lpq  -lpthread -ldl -lobjc "
conftest.c:13:57: error: use of undeclared identifier 'PQescapeStringConn'
int t(void) { void ((*volatile p)()); p = (void ((*)()))PQescapeStringConn; return 0; }
                                                        ^
1 error generated.
checked program was:
/* begin */
 1: #include "ruby.h"
 2: 
 3: /*top*/
 4: extern int t(void);
 5: int main(int argc, char **argv)
 6: {
 7:   if (argc > 1000000) {
 8:     printf("%p", &t);
 9:   }
10: 
11:   return 0;
12: }
13: int t(void) { void ((*volatile p)()); p = (void ((*)()))PQescapeStringConn; return 0; }
/* end */

"gcc -o conftest -I/Users/coreydavis/.rvm/rubies/ruby-2.1.2/include/ruby-2.1.0/x86_64-darwin13.0 -I/Users/coreydavis/.rvm/rubies/ruby-2.1.2/include/ruby-2.1.0/ruby/backward -I/Users/coreydavis/.rvm/rubies/ruby-2.1.2/include/ruby-2.1.0 -I. -I/usr/local/Cellar/postgresql/9.3.5/include -D_XOPEN_SOURCE -D_DARWIN_C_SOURCE -D_DARWIN_UNLIMITED_SELECT -D_REENTRANT   -O3 -I/Users/travis/.sm/pkg/active/include -fPIC -mmacosx-version-min=10.7 -pipe conftest.c  -L. -L/Users/coreydavis/.rvm/rubies/ruby-2.1.2/lib -L/usr/local/Cellar/postgresql/9.3.5/lib -L. -L/Users/travis/.sm/pkg/active/lib -fPIC -Bstatic -fstack-protector -Wl,-rpath,/usr/local/Cellar/postgresql/9.3.5/lib   -arch x86_64  -lpq  -lruby-static -framework CoreFoundation -lpq  -lpthread -ldl -lobjc "
conftest.c:13:15: warning: implicit declaration of function 'PQescapeStringConn' is invalid in C99 [-Wimplicit-function-declaration]
int t(void) { PQescapeStringConn(); return 0; }
              ^
1 warning generated.
ld: warning: directory not found for option '-L/Users/travis/.sm/pkg/active/lib'
checked program was:
/* begin */
 1: #include "ruby.h"
 2: 
 3: /*top*/
 4: extern int t(void);
 5: int main(int argc, char **argv)
 6: {
 7:   if (argc > 1000000) {
 8:     printf("%p", &t);
 9:   }
10: 
11:   return 0;
12: }
13: int t(void) { PQescapeStringConn(); return 0; }
/* end */

--------------------

have_func: checking for PQescapeLiteral()... -------------------- yes

"gcc -o conftest -I/Users/coreydavis/.rvm/rubies/ruby-2.1.2/include/ruby-2.1.0/x86_64-darwin13.0 -I/Users/coreydavis/.rvm/rubies/ruby-2.1.2/include/ruby-2.1.0/ruby/backward -I/Users/coreydavis/.rvm/rubies/ruby-2.1.2/include/ruby-2.1.0 -I. -I/usr/local/Cellar/postgresql/9.3.5/include -D_XOPEN_SOURCE -D_DARWIN_C_SOURCE -D_DARWIN_UNLIMITED_SELECT -D_REENTRANT   -O3 -I/Users/travis/.sm/pkg/active/include -fPIC -mmacosx-version-min=10.7 -pipe conftest.c  -L. -L/Users/coreydavis/.rvm/rubies/ruby-2.1.2/lib -L/usr/local/Cellar/postgresql/9.3.5/lib -L. -L/Users/travis/.sm/pkg/active/lib -fPIC -Bstatic -fstack-protector -Wl,-rpath,/usr/local/Cellar/postgresql/9.3.5/lib   -arch x86_64  -lpq  -lruby-static -framework CoreFoundation -lpq  -lpthread -ldl -lobjc "
conftest.c:13:57: error: use of undeclared identifier 'PQescapeLiteral'
int t(void) { void ((*volatile p)()); p = (void ((*)()))PQescapeLiteral; return 0; }
                                                        ^
1 error generated.
checked program was:
/* begin */
 1: #include "ruby.h"
 2: 
 3: /*top*/
 4: extern int t(void);
 5: int main(int argc, char **argv)
 6: {
 7:   if (argc > 1000000) {
 8:     printf("%p", &t);
 9:   }
10: 
11:   return 0;
12: }
13: int t(void) { void ((*volatile p)()); p = (void ((*)()))PQescapeLiteral; return 0; }
/* end */

"gcc -o conftest -I/Users/coreydavis/.rvm/rubies/ruby-2.1.2/include/ruby-2.1.0/x86_64-darwin13.0 -I/Users/coreydavis/.rvm/rubies/ruby-2.1.2/include/ruby-2.1.0/ruby/backward -I/Users/coreydavis/.rvm/rubies/ruby-2.1.2/include/ruby-2.1.0 -I. -I/usr/local/Cellar/postgresql/9.3.5/include -D_XOPEN_SOURCE -D_DARWIN_C_SOURCE -D_DARWIN_UNLIMITED_SELECT -D_REENTRANT   -O3 -I/Users/travis/.sm/pkg/active/include -fPIC -mmacosx-version-min=10.7 -pipe conftest.c  -L. -L/Users/coreydavis/.rvm/rubies/ruby-2.1.2/lib -L/usr/local/Cellar/postgresql/9.3.5/lib -L. -L/Users/travis/.sm/pkg/active/lib -fPIC -Bstatic -fstack-protector -Wl,-rpath,/usr/local/Cellar/postgresql/9.3.5/lib   -arch x86_64  -lpq  -lruby-static -framework CoreFoundation -lpq  -lpthread -ldl -lobjc "
conftest.c:13:15: warning: implicit declaration of function 'PQescapeLiteral' is invalid in C99 [-Wimplicit-function-declaration]
int t(void) { PQescapeLiteral(); return 0; }
              ^
1 warning generated.
ld: warning: directory not found for option '-L/Users/travis/.sm/pkg/active/lib'
checked program was:
/* begin */
 1: #include "ruby.h"
 2: 
 3: /*top*/
 4: extern int t(void);
 5: int main(int argc, char **argv)
 6: {
 7:   if (argc > 1000000) {
 8:     printf("%p", &t);
 9:   }
10: 
11:   return 0;
12: }
13: int t(void) { PQescapeLiteral(); return 0; }
/* end */

--------------------

have_func: checking for PQescapeIdentifier()... -------------------- yes

"gcc -o conftest -I/Users/coreydavis/.rvm/rubies/ruby-2.1.2/include/ruby-2.1.0/x86_64-darwin13.0 -I/Users/coreydavis/.rvm/rubies/ruby-2.1.2/include/ruby-2.1.0/ruby/backward -I/Users/coreydavis/.rvm/rubies/ruby-2.1.2/include/ruby-2.1.0 -I. -I/usr/local/Cellar/postgresql/9.3.5/include -D_XOPEN_SOURCE -D_DARWIN_C_SOURCE -D_DARWIN_UNLIMITED_SELECT -D_REENTRANT   -O3 -I/Users/travis/.sm/pkg/active/include -fPIC -mmacosx-version-min=10.7 -pipe conftest.c  -L. -L/Users/coreydavis/.rvm/rubies/ruby-2.1.2/lib -L/usr/local/Cellar/postgresql/9.3.5/lib -L. -L/Users/travis/.sm/pkg/active/lib -fPIC -Bstatic -fstack-protector -Wl,-rpath,/usr/local/Cellar/postgresql/9.3.5/lib   -arch x86_64  -lpq  -lruby-static -framework CoreFoundation -lpq  -lpthread -ldl -lobjc "
conftest.c:13:57: error: use of undeclared identifier 'PQescapeIdentifier'
int t(void) { void ((*volatile p)()); p = (void ((*)()))PQescapeIdentifier; return 0; }
                                                        ^
1 error generated.
checked program was:
/* begin */
 1: #include "ruby.h"
 2: 
 3: /*top*/
 4: extern int t(void);
 5: int main(int argc, char **argv)
 6: {
 7:   if (argc > 1000000) {
 8:     printf("%p", &t);
 9:   }
10: 
11:   return 0;
12: }
13: int t(void) { void ((*volatile p)()); p = (void ((*)()))PQescapeIdentifier; return 0; }
/* end */

"gcc -o conftest -I/Users/coreydavis/.rvm/rubies/ruby-2.1.2/include/ruby-2.1.0/x86_64-darwin13.0 -I/Users/coreydavis/.rvm/rubies/ruby-2.1.2/include/ruby-2.1.0/ruby/backward -I/Users/coreydavis/.rvm/rubies/ruby-2.1.2/include/ruby-2.1.0 -I. -I/usr/local/Cellar/postgresql/9.3.5/include -D_XOPEN_SOURCE -D_DARWIN_C_SOURCE -D_DARWIN_UNLIMITED_SELECT -D_REENTRANT   -O3 -I/Users/travis/.sm/pkg/active/include -fPIC -mmacosx-version-min=10.7 -pipe conftest.c  -L. -L/Users/coreydavis/.rvm/rubies/ruby-2.1.2/lib -L/usr/local/Cellar/postgresql/9.3.5/lib -L. -L/Users/travis/.sm/pkg/active/lib -fPIC -Bstatic -fstack-protector -Wl,-rpath,/usr/local/Cellar/postgresql/9.3.5/lib   -arch x86_64  -lpq  -lruby-static -framework CoreFoundation -lpq  -lpthread -ldl -lobjc "
conftest.c:13:15: warning: implicit declaration of function 'PQescapeIdentifier' is invalid in C99 [-Wimplicit-function-declaration]
int t(void) { PQescapeIdentifier(); return 0; }
              ^
1 warning generated.
ld: warning: directory not found for option '-L/Users/travis/.sm/pkg/active/lib'
checked program was:
/* begin */
 1: #include "ruby.h"
 2: 
 3: /*top*/
 4: extern int t(void);
 5: int main(int argc, char **argv)
 6: {
 7:   if (argc > 1000000) {
 8:     printf("%p", &t);
 9:   }
10: 
11:   return 0;
12: }
13: int t(void) { PQescapeIdentifier(); return 0; }
/* end */

--------------------

have_func: checking for PQgetCancel()... -------------------- yes

"gcc -o conftest -I/Users/coreydavis/.rvm/rubies/ruby-2.1.2/include/ruby-2.1.0/x86_64-darwin13.0 -I/Users/coreydavis/.rvm/rubies/ruby-2.1.2/include/ruby-2.1.0/ruby/backward -I/Users/coreydavis/.rvm/rubies/ruby-2.1.2/include/ruby-2.1.0 -I. -I/usr/local/Cellar/postgresql/9.3.5/include -D_XOPEN_SOURCE -D_DARWIN_C_SOURCE -D_DARWIN_UNLIMITED_SELECT -D_REENTRANT   -O3 -I/Users/travis/.sm/pkg/active/include -fPIC -mmacosx-version-min=10.7 -pipe conftest.c  -L. -L/Users/coreydavis/.rvm/rubies/ruby-2.1.2/lib -L/usr/local/Cellar/postgresql/9.3.5/lib -L. -L/Users/travis/.sm/pkg/active/lib -fPIC -Bstatic -fstack-protector -Wl,-rpath,/usr/local/Cellar/postgresql/9.3.5/lib   -arch x86_64  -lpq  -lruby-static -framework CoreFoundation -lpq  -lpthread -ldl -lobjc "
conftest.c:13:57: error: use of undeclared identifier 'PQgetCancel'
int t(void) { void ((*volatile p)()); p = (void ((*)()))PQgetCancel; return 0; }
                                                        ^
1 error generated.
checked program was:
/* begin */
 1: #include "ruby.h"
 2: 
 3: /*top*/
 4: extern int t(void);
 5: int main(int argc, char **argv)
 6: {
 7:   if (argc > 1000000) {
 8:     printf("%p", &t);
 9:   }
10: 
11:   return 0;
12: }
13: int t(void) { void ((*volatile p)()); p = (void ((*)()))PQgetCancel; return 0; }
/* end */

"gcc -o conftest -I/Users/coreydavis/.rvm/rubies/ruby-2.1.2/include/ruby-2.1.0/x86_64-darwin13.0 -I/Users/coreydavis/.rvm/rubies/ruby-2.1.2/include/ruby-2.1.0/ruby/backward -I/Users/coreydavis/.rvm/rubies/ruby-2.1.2/include/ruby-2.1.0 -I. -I/usr/local/Cellar/postgresql/9.3.5/include -D_XOPEN_SOURCE -D_DARWIN_C_SOURCE -D_DARWIN_UNLIMITED_SELECT -D_REENTRANT   -O3 -I/Users/travis/.sm/pkg/active/include -fPIC -mmacosx-version-min=10.7 -pipe conftest.c  -L. -L/Users/coreydavis/.rvm/rubies/ruby-2.1.2/lib -L/usr/local/Cellar/postgresql/9.3.5/lib -L. -L/Users/travis/.sm/pkg/active/lib -fPIC -Bstatic -fstack-protector -Wl,-rpath,/usr/local/Cellar/postgresql/9.3.5/lib   -arch x86_64  -lpq  -lruby-static -framework CoreFoundation -lpq  -lpthread -ldl -lobjc "
conftest.c:13:15: warning: implicit declaration of function 'PQgetCancel' is invalid in C99 [-Wimplicit-function-declaration]
int t(void) { PQgetCancel(); return 0; }
              ^
1 warning generated.
ld: warning: directory not found for option '-L/Users/travis/.sm/pkg/active/lib'
checked program was:
/* begin */
 1: #include "ruby.h"
 2: 
 3: /*top*/
 4: extern int t(void);
 5: int main(int argc, char **argv)
 6: {
 7:   if (argc > 1000000) {
 8:     printf("%p", &t);
 9:   }
10: 
11:   return 0;
12: }
13: int t(void) { PQgetCancel(); return 0; }
/* end */

--------------------

have_func: checking for lo_create()... -------------------- yes

"gcc -o conftest -I/Users/coreydavis/.rvm/rubies/ruby-2.1.2/include/ruby-2.1.0/x86_64-darwin13.0 -I/Users/coreydavis/.rvm/rubies/ruby-2.1.2/include/ruby-2.1.0/ruby/backward -I/Users/coreydavis/.rvm/rubies/ruby-2.1.2/include/ruby-2.1.0 -I. -I/usr/local/Cellar/postgresql/9.3.5/include -D_XOPEN_SOURCE -D_DARWIN_C_SOURCE -D_DARWIN_UNLIMITED_SELECT -D_REENTRANT   -O3 -I/Users/travis/.sm/pkg/active/include -fPIC -mmacosx-version-min=10.7 -pipe conftest.c  -L. -L/Users/coreydavis/.rvm/rubies/ruby-2.1.2/lib -L/usr/local/Cellar/postgresql/9.3.5/lib -L. -L/Users/travis/.sm/pkg/active/lib -fPIC -Bstatic -fstack-protector -Wl,-rpath,/usr/local/Cellar/postgresql/9.3.5/lib   -arch x86_64  -lpq  -lruby-static -framework CoreFoundation -lpq  -lpthread -ldl -lobjc "
conftest.c:13:57: error: use of undeclared identifier 'lo_create'
int t(void) { void ((*volatile p)()); p = (void ((*)()))lo_create; return 0; }
                                                        ^
1 error generated.
checked program was:
/* begin */
 1: #include "ruby.h"
 2: 
 3: /*top*/
 4: extern int t(void);
 5: int main(int argc, char **argv)
 6: {
 7:   if (argc > 1000000) {
 8:     printf("%p", &t);
 9:   }
10: 
11:   return 0;
12: }
13: int t(void) { void ((*volatile p)()); p = (void ((*)()))lo_create; return 0; }
/* end */

"gcc -o conftest -I/Users/coreydavis/.rvm/rubies/ruby-2.1.2/include/ruby-2.1.0/x86_64-darwin13.0 -I/Users/coreydavis/.rvm/rubies/ruby-2.1.2/include/ruby-2.1.0/ruby/backward -I/Users/coreydavis/.rvm/rubies/ruby-2.1.2/include/ruby-2.1.0 -I. -I/usr/local/Cellar/postgresql/9.3.5/include -D_XOPEN_SOURCE -D_DARWIN_C_SOURCE -D_DARWIN_UNLIMITED_SELECT -D_REENTRANT   -O3 -I/Users/travis/.sm/pkg/active/include -fPIC -mmacosx-version-min=10.7 -pipe conftest.c  -L. -L/Users/coreydavis/.rvm/rubies/ruby-2.1.2/lib -L/usr/local/Cellar/postgresql/9.3.5/lib -L. -L/Users/travis/.sm/pkg/active/lib -fPIC -Bstatic -fstack-protector -Wl,-rpath,/usr/local/Cellar/postgresql/9.3.5/lib   -arch x86_64  -lpq  -lruby-static -framework CoreFoundation -lpq  -lpthread -ldl -lobjc "
conftest.c:13:15: warning: implicit declaration of function 'lo_create' is invalid in C99 [-Wimplicit-function-declaration]
int t(void) { lo_create(); return 0; }
              ^
1 warning generated.
ld: warning: directory not found for option '-L/Users/travis/.sm/pkg/active/lib'
checked program was:
/* begin */
 1: #include "ruby.h"
 2: 
 3: /*top*/
 4: extern int t(void);
 5: int main(int argc, char **argv)
 6: {
 7:   if (argc > 1000000) {
 8:     printf("%p", &t);
 9:   }
10: 
11:   return 0;
12: }
13: int t(void) { lo_create(); return 0; }
/* end */

--------------------

have_func: checking for pg_encoding_to_char()... -------------------- yes

"gcc -o conftest -I/Users/coreydavis/.rvm/rubies/ruby-2.1.2/include/ruby-2.1.0/x86_64-darwin13.0 -I/Users/coreydavis/.rvm/rubies/ruby-2.1.2/include/ruby-2.1.0/ruby/backward -I/Users/coreydavis/.rvm/rubies/ruby-2.1.2/include/ruby-2.1.0 -I. -I/usr/local/Cellar/postgresql/9.3.5/include -D_XOPEN_SOURCE -D_DARWIN_C_SOURCE -D_DARWIN_UNLIMITED_SELECT -D_REENTRANT   -O3 -I/Users/travis/.sm/pkg/active/include -fPIC -mmacosx-version-min=10.7 -pipe conftest.c  -L. -L/Users/coreydavis/.rvm/rubies/ruby-2.1.2/lib -L/usr/local/Cellar/postgresql/9.3.5/lib -L. -L/Users/travis/.sm/pkg/active/lib -fPIC -Bstatic -fstack-protector -Wl,-rpath,/usr/local/Cellar/postgresql/9.3.5/lib   -arch x86_64  -lpq  -lruby-static -framework CoreFoundation -lpq  -lpthread -ldl -lobjc "
conftest.c:13:57: error: use of undeclared identifier 'pg_encoding_to_char'
int t(void) { void ((*volatile p)()); p = (void ((*)()))pg_encoding_to_char; return 0; }
                                                        ^
1 error generated.
checked program was:
/* begin */
 1: #include "ruby.h"
 2: 
 3: /*top*/
 4: extern int t(void);
 5: int main(int argc, char **argv)
 6: {
 7:   if (argc > 1000000) {
 8:     printf("%p", &t);
 9:   }
10: 
11:   return 0;
12: }
13: int t(void) { void ((*volatile p)()); p = (void ((*)()))pg_encoding_to_char; return 0; }
/* end */

"gcc -o conftest -I/Users/coreydavis/.rvm/rubies/ruby-2.1.2/include/ruby-2.1.0/x86_64-darwin13.0 -I/Users/coreydavis/.rvm/rubies/ruby-2.1.2/include/ruby-2.1.0/ruby/backward -I/Users/coreydavis/.rvm/rubies/ruby-2.1.2/include/ruby-2.1.0 -I. -I/usr/local/Cellar/postgresql/9.3.5/include -D_XOPEN_SOURCE -D_DARWIN_C_SOURCE -D_DARWIN_UNLIMITED_SELECT -D_REENTRANT   -O3 -I/Users/travis/.sm/pkg/active/include -fPIC -mmacosx-version-min=10.7 -pipe conftest.c  -L. -L/Users/coreydavis/.rvm/rubies/ruby-2.1.2/lib -L/usr/local/Cellar/postgresql/9.3.5/lib -L. -L/Users/travis/.sm/pkg/active/lib -fPIC -Bstatic -fstack-protector -Wl,-rpath,/usr/local/Cellar/postgresql/9.3.5/lib   -arch x86_64  -lpq  -lruby-static -framework CoreFoundation -lpq  -lpthread -ldl -lobjc "
conftest.c:13:15: warning: implicit declaration of function 'pg_encoding_to_char' is invalid in C99 [-Wimplicit-function-declaration]
int t(void) { pg_encoding_to_char(); return 0; }
              ^
1 warning generated.
ld: warning: directory not found for option '-L/Users/travis/.sm/pkg/active/lib'
checked program was:
/* begin */
 1: #include "ruby.h"
 2: 
 3: /*top*/
 4: extern int t(void);
 5: int main(int argc, char **argv)
 6: {
 7:   if (argc > 1000000) {
 8:     printf("%p", &t);
 9:   }
10: 
11:   return 0;
12: }
13: int t(void) { pg_encoding_to_char(); return 0; }
/* end */

--------------------

have_func: checking for pg_char_to_encoding()... -------------------- yes

"gcc -o conftest -I/Users/coreydavis/.rvm/rubies/ruby-2.1.2/include/ruby-2.1.0/x86_64-darwin13.0 -I/Users/coreydavis/.rvm/rubies/ruby-2.1.2/include/ruby-2.1.0/ruby/backward -I/Users/coreydavis/.rvm/rubies/ruby-2.1.2/include/ruby-2.1.0 -I. -I/usr/local/Cellar/postgresql/9.3.5/include -D_XOPEN_SOURCE -D_DARWIN_C_SOURCE -D_DARWIN_UNLIMITED_SELECT -D_REENTRANT   -O3 -I/Users/travis/.sm/pkg/active/include -fPIC -mmacosx-version-min=10.7 -pipe conftest.c  -L. -L/Users/coreydavis/.rvm/rubies/ruby-2.1.2/lib -L/usr/local/Cellar/postgresql/9.3.5/lib -L. -L/Users/travis/.sm/pkg/active/lib -fPIC -Bstatic -fstack-protector -Wl,-rpath,/usr/local/Cellar/postgresql/9.3.5/lib   -arch x86_64  -lpq  -lruby-static -framework CoreFoundation -lpq  -lpthread -ldl -lobjc "
conftest.c:13:57: error: use of undeclared identifier 'pg_char_to_encoding'
int t(void) { void ((*volatile p)()); p = (void ((*)()))pg_char_to_encoding; return 0; }
                                                        ^
1 error generated.
checked program was:
/* begin */
 1: #include "ruby.h"
 2: 
 3: /*top*/
 4: extern int t(void);
 5: int main(int argc, char **argv)
 6: {
 7:   if (argc > 1000000) {
 8:     printf("%p", &t);
 9:   }
10: 
11:   return 0;
12: }
13: int t(void) { void ((*volatile p)()); p = (void ((*)()))pg_char_to_encoding; return 0; }
/* end */

"gcc -o conftest -I/Users/coreydavis/.rvm/rubies/ruby-2.1.2/include/ruby-2.1.0/x86_64-darwin13.0 -I/Users/coreydavis/.rvm/rubies/ruby-2.1.2/include/ruby-2.1.0/ruby/backward -I/Users/coreydavis/.rvm/rubies/ruby-2.1.2/include/ruby-2.1.0 -I. -I/usr/local/Cellar/postgresql/9.3.5/include -D_XOPEN_SOURCE -D_DARWIN_C_SOURCE -D_DARWIN_UNLIMITED_SELECT -D_REENTRANT   -O3 -I/Users/travis/.sm/pkg/active/include -fPIC -mmacosx-version-min=10.7 -pipe conftest.c  -L. -L/Users/coreydavis/.rvm/rubies/ruby-2.1.2/lib -L/usr/local/Cellar/postgresql/9.3.5/lib -L. -L/Users/travis/.sm/pkg/active/lib -fPIC -Bstatic -fstack-protector -Wl,-rpath,/usr/local/Cellar/postgresql/9.3.5/lib   -arch x86_64  -lpq  -lruby-static -framework CoreFoundation -lpq  -lpthread -ldl -lobjc "
conftest.c:13:15: warning: implicit declaration of function 'pg_char_to_encoding' is invalid in C99 [-Wimplicit-function-declaration]
int t(void) { pg_char_to_encoding(); return 0; }
              ^
1 warning generated.
ld: warning: directory not found for option '-L/Users/travis/.sm/pkg/active/lib'
checked program was:
/* begin */
 1: #include "ruby.h"
 2: 
 3: /*top*/
 4: extern int t(void);
 5: int main(int argc, char **argv)
 6: {
 7:   if (argc > 1000000) {
 8:     printf("%p", &t);
 9:   }
10: 
11:   return 0;
12: }
13: int t(void) { pg_char_to_encoding(); return 0; }
/* end */

--------------------

have_func: checking for PQsetClientEncoding()... -------------------- yes

"gcc -o conftest -I/Users/coreydavis/.rvm/rubies/ruby-2.1.2/include/ruby-2.1.0/x86_64-darwin13.0 -I/Users/coreydavis/.rvm/rubies/ruby-2.1.2/include/ruby-2.1.0/ruby/backward -I/Users/coreydavis/.rvm/rubies/ruby-2.1.2/include/ruby-2.1.0 -I. -I/usr/local/Cellar/postgresql/9.3.5/include -D_XOPEN_SOURCE -D_DARWIN_C_SOURCE -D_DARWIN_UNLIMITED_SELECT -D_REENTRANT   -O3 -I/Users/travis/.sm/pkg/active/include -fPIC -mmacosx-version-min=10.7 -pipe conftest.c  -L. -L/Users/coreydavis/.rvm/rubies/ruby-2.1.2/lib -L/usr/local/Cellar/postgresql/9.3.5/lib -L. -L/Users/travis/.sm/pkg/active/lib -fPIC -Bstatic -fstack-protector -Wl,-rpath,/usr/local/Cellar/postgresql/9.3.5/lib   -arch x86_64  -lpq  -lruby-static -framework CoreFoundation -lpq  -lpthread -ldl -lobjc "
conftest.c:13:57: error: use of undeclared identifier 'PQsetClientEncoding'
int t(void) { void ((*volatile p)()); p = (void ((*)()))PQsetClientEncoding; return 0; }
                                                        ^
1 error generated.
checked program was:
/* begin */
 1: #include "ruby.h"
 2: 
 3: /*top*/
 4: extern int t(void);
 5: int main(int argc, char **argv)
 6: {
 7:   if (argc > 1000000) {
 8:     printf("%p", &t);
 9:   }
10: 
11:   return 0;
12: }
13: int t(void) { void ((*volatile p)()); p = (void ((*)()))PQsetClientEncoding; return 0; }
/* end */

"gcc -o conftest -I/Users/coreydavis/.rvm/rubies/ruby-2.1.2/include/ruby-2.1.0/x86_64-darwin13.0 -I/Users/coreydavis/.rvm/rubies/ruby-2.1.2/include/ruby-2.1.0/ruby/backward -I/Users/coreydavis/.rvm/rubies/ruby-2.1.2/include/ruby-2.1.0 -I. -I/usr/local/Cellar/postgresql/9.3.5/include -D_XOPEN_SOURCE -D_DARWIN_C_SOURCE -D_DARWIN_UNLIMITED_SELECT -D_REENTRANT   -O3 -I/Users/travis/.sm/pkg/active/include -fPIC -mmacosx-version-min=10.7 -pipe conftest.c  -L. -L/Users/coreydavis/.rvm/rubies/ruby-2.1.2/lib -L/usr/local/Cellar/postgresql/9.3.5/lib -L. -L/Users/travis/.sm/pkg/active/lib -fPIC -Bstatic -fstack-protector -Wl,-rpath,/usr/local/Cellar/postgresql/9.3.5/lib   -arch x86_64  -lpq  -lruby-static -framework CoreFoundation -lpq  -lpthread -ldl -lobjc "
conftest.c:13:15: warning: implicit declaration of function 'PQsetClientEncoding' is invalid in C99 [-Wimplicit-function-declaration]
int t(void) { PQsetClientEncoding(); return 0; }
              ^
1 warning generated.
ld: warning: directory not found for option '-L/Users/travis/.sm/pkg/active/lib'
checked program was:
/* begin */
 1: #include "ruby.h"
 2: 
 3: /*top*/
 4: extern int t(void);
 5: int main(int argc, char **argv)
 6: {
 7:   if (argc > 1000000) {
 8:     printf("%p", &t);
 9:   }
10: 
11:   return 0;
12: }
13: int t(void) { PQsetClientEncoding(); return 0; }
/* end */

--------------------

have_func: checking for PQlibVersion()... -------------------- yes

"gcc -o conftest -I/Users/coreydavis/.rvm/rubies/ruby-2.1.2/include/ruby-2.1.0/x86_64-darwin13.0 -I/Users/coreydavis/.rvm/rubies/ruby-2.1.2/include/ruby-2.1.0/ruby/backward -I/Users/coreydavis/.rvm/rubies/ruby-2.1.2/include/ruby-2.1.0 -I. -I/usr/local/Cellar/postgresql/9.3.5/include -D_XOPEN_SOURCE -D_DARWIN_C_SOURCE -D_DARWIN_UNLIMITED_SELECT -D_REENTRANT   -O3 -I/Users/travis/.sm/pkg/active/include -fPIC -mmacosx-version-min=10.7 -pipe conftest.c  -L. -L/Users/coreydavis/.rvm/rubies/ruby-2.1.2/lib -L/usr/local/Cellar/postgresql/9.3.5/lib -L. -L/Users/travis/.sm/pkg/active/lib -fPIC -Bstatic -fstack-protector -Wl,-rpath,/usr/local/Cellar/postgresql/9.3.5/lib   -arch x86_64  -lpq  -lruby-static -framework CoreFoundation -lpq  -lpthread -ldl -lobjc "
conftest.c:13:57: error: use of undeclared identifier 'PQlibVersion'
int t(void) { void ((*volatile p)()); p = (void ((*)()))PQlibVersion; return 0; }
                                                        ^
1 error generated.
checked program was:
/* begin */
 1: #include "ruby.h"
 2: 
 3: /*top*/
 4: extern int t(void);
 5: int main(int argc, char **argv)
 6: {
 7:   if (argc > 1000000) {
 8:     printf("%p", &t);
 9:   }
10: 
11:   return 0;
12: }
13: int t(void) { void ((*volatile p)()); p = (void ((*)()))PQlibVersion; return 0; }
/* end */

"gcc -o conftest -I/Users/coreydavis/.rvm/rubies/ruby-2.1.2/include/ruby-2.1.0/x86_64-darwin13.0 -I/Users/coreydavis/.rvm/rubies/ruby-2.1.2/include/ruby-2.1.0/ruby/backward -I/Users/coreydavis/.rvm/rubies/ruby-2.1.2/include/ruby-2.1.0 -I. -I/usr/local/Cellar/postgresql/9.3.5/include -D_XOPEN_SOURCE -D_DARWIN_C_SOURCE -D_DARWIN_UNLIMITED_SELECT -D_REENTRANT   -O3 -I/Users/travis/.sm/pkg/active/include -fPIC -mmacosx-version-min=10.7 -pipe conftest.c  -L. -L/Users/coreydavis/.rvm/rubies/ruby-2.1.2/lib -L/usr/local/Cellar/postgresql/9.3.5/lib -L. -L/Users/travis/.sm/pkg/active/lib -fPIC -Bstatic -fstack-protector -Wl,-rpath,/usr/local/Cellar/postgresql/9.3.5/lib   -arch x86_64  -lpq  -lruby-static -framework CoreFoundation -lpq  -lpthread -ldl -lobjc "
conftest.c:13:15: warning: implicit declaration of function 'PQlibVersion' is invalid in C99 [-Wimplicit-function-declaration]
int t(void) { PQlibVersion(); return 0; }
              ^
1 warning generated.
ld: warning: directory not found for option '-L/Users/travis/.sm/pkg/active/lib'
checked program was:
/* begin */
 1: #include "ruby.h"
 2: 
 3: /*top*/
 4: extern int t(void);
 5: int main(int argc, char **argv)
 6: {
 7:   if (argc > 1000000) {
 8:     printf("%p", &t);
 9:   }
10: 
11:   return 0;
12: }
13: int t(void) { PQlibVersion(); return 0; }
/* end */

--------------------

have_func: checking for PQping()... -------------------- yes

"gcc -o conftest -I/Users/coreydavis/.rvm/rubies/ruby-2.1.2/include/ruby-2.1.0/x86_64-darwin13.0 -I/Users/coreydavis/.rvm/rubies/ruby-2.1.2/include/ruby-2.1.0/ruby/backward -I/Users/coreydavis/.rvm/rubies/ruby-2.1.2/include/ruby-2.1.0 -I. -I/usr/local/Cellar/postgresql/9.3.5/include -D_XOPEN_SOURCE -D_DARWIN_C_SOURCE -D_DARWIN_UNLIMITED_SELECT -D_REENTRANT   -O3 -I/Users/travis/.sm/pkg/active/include -fPIC -mmacosx-version-min=10.7 -pipe conftest.c  -L. -L/Users/coreydavis/.rvm/rubies/ruby-2.1.2/lib -L/usr/local/Cellar/postgresql/9.3.5/lib -L. -L/Users/travis/.sm/pkg/active/lib -fPIC -Bstatic -fstack-protector -Wl,-rpath,/usr/local/Cellar/postgresql/9.3.5/lib   -arch x86_64  -lpq  -lruby-static -framework CoreFoundation -lpq  -lpthread -ldl -lobjc "
conftest.c:13:57: error: use of undeclared identifier 'PQping'
int t(void) { void ((*volatile p)()); p = (void ((*)()))PQping; return 0; }
                                                        ^
1 error generated.
checked program was:
/* begin */
 1: #include "ruby.h"
 2: 
 3: /*top*/
 4: extern int t(void);
 5: int main(int argc, char **argv)
 6: {
 7:   if (argc > 1000000) {
 8:     printf("%p", &t);
 9:   }
10: 
11:   return 0;
12: }
13: int t(void) { void ((*volatile p)()); p = (void ((*)()))PQping; return 0; }
/* end */

"gcc -o conftest -I/Users/coreydavis/.rvm/rubies/ruby-2.1.2/include/ruby-2.1.0/x86_64-darwin13.0 -I/Users/coreydavis/.rvm/rubies/ruby-2.1.2/include/ruby-2.1.0/ruby/backward -I/Users/coreydavis/.rvm/rubies/ruby-2.1.2/include/ruby-2.1.0 -I. -I/usr/local/Cellar/postgresql/9.3.5/include -D_XOPEN_SOURCE -D_DARWIN_C_SOURCE -D_DARWIN_UNLIMITED_SELECT -D_REENTRANT   -O3 -I/Users/travis/.sm/pkg/active/include -fPIC -mmacosx-version-min=10.7 -pipe conftest.c  -L. -L/Users/coreydavis/.rvm/rubies/ruby-2.1.2/lib -L/usr/local/Cellar/postgresql/9.3.5/lib -L. -L/Users/travis/.sm/pkg/active/lib -fPIC -Bstatic -fstack-protector -Wl,-rpath,/usr/local/Cellar/postgresql/9.3.5/lib   -arch x86_64  -lpq  -lruby-static -framework CoreFoundation -lpq  -lpthread -ldl -lobjc "
conftest.c:13:15: warning: implicit declaration of function 'PQping' is invalid in C99 [-Wimplicit-function-declaration]
int t(void) { PQping(); return 0; }
              ^
1 warning generated.
ld: warning: directory not found for option '-L/Users/travis/.sm/pkg/active/lib'
checked program was:
/* begin */
 1: #include "ruby.h"
 2: 
 3: /*top*/
 4: extern int t(void);
 5: int main(int argc, char **argv)
 6: {
 7:   if (argc > 1000000) {
 8:     printf("%p", &t);
 9:   }
10: 
11:   return 0;
12: }
13: int t(void) { PQping(); return 0; }
/* end */

--------------------

have_func: checking for PQsetSingleRowMode()... -------------------- yes

"gcc -o conftest -I/Users/coreydavis/.rvm/rubies/ruby-2.1.2/include/ruby-2.1.0/x86_64-darwin13.0 -I/Users/coreydavis/.rvm/rubies/ruby-2.1.2/include/ruby-2.1.0/ruby/backward -I/Users/coreydavis/.rvm/rubies/ruby-2.1.2/include/ruby-2.1.0 -I. -I/usr/local/Cellar/postgresql/9.3.5/include -D_XOPEN_SOURCE -D_DARWIN_C_SOURCE -D_DARWIN_UNLIMITED_SELECT -D_REENTRANT   -O3 -I/Users/travis/.sm/pkg/active/include -fPIC -mmacosx-version-min=10.7 -pipe conftest.c  -L. -L/Users/coreydavis/.rvm/rubies/ruby-2.1.2/lib -L/usr/local/Cellar/postgresql/9.3.5/lib -L. -L/Users/travis/.sm/pkg/active/lib -fPIC -Bstatic -fstack-protector -Wl,-rpath,/usr/local/Cellar/postgresql/9.3.5/lib   -arch x86_64  -lpq  -lruby-static -framework CoreFoundation -lpq  -lpthread -ldl -lobjc "
conftest.c:13:57: error: use of undeclared identifier 'PQsetSingleRowMode'
int t(void) { void ((*volatile p)()); p = (void ((*)()))PQsetSingleRowMode; return 0; }
                                                        ^
1 error generated.
checked program was:
/* begin */
 1: #include "ruby.h"
 2: 
 3: /*top*/
 4: extern int t(void);
 5: int main(int argc, char **argv)
 6: {
 7:   if (argc > 1000000) {
 8:     printf("%p", &t);
 9:   }
10: 
11:   return 0;
12: }
13: int t(void) { void ((*volatile p)()); p = (void ((*)()))PQsetSingleRowMode; return 0; }
/* end */

"gcc -o conftest -I/Users/coreydavis/.rvm/rubies/ruby-2.1.2/include/ruby-2.1.0/x86_64-darwin13.0 -I/Users/coreydavis/.rvm/rubies/ruby-2.1.2/include/ruby-2.1.0/ruby/backward -I/Users/coreydavis/.rvm/rubies/ruby-2.1.2/include/ruby-2.1.0 -I. -I/usr/local/Cellar/postgresql/9.3.5/include -D_XOPEN_SOURCE -D_DARWIN_C_SOURCE -D_DARWIN_UNLIMITED_SELECT -D_REENTRANT   -O3 -I/Users/travis/.sm/pkg/active/include -fPIC -mmacosx-version-min=10.7 -pipe conftest.c  -L. -L/Users/coreydavis/.rvm/rubies/ruby-2.1.2/lib -L/usr/local/Cellar/postgresql/9.3.5/lib -L. -L/Users/travis/.sm/pkg/active/lib -fPIC -Bstatic -fstack-protector -Wl,-rpath,/usr/local/Cellar/postgresql/9.3.5/lib   -arch x86_64  -lpq  -lruby-static -framework CoreFoundation -lpq  -lpthread -ldl -lobjc "
conftest.c:13:15: warning: implicit declaration of function 'PQsetSingleRowMode' is invalid in C99 [-Wimplicit-function-declaration]
int t(void) { PQsetSingleRowMode(); return 0; }
              ^
1 warning generated.
ld: warning: directory not found for option '-L/Users/travis/.sm/pkg/active/lib'
checked program was:
/* begin */
 1: #include "ruby.h"
 2: 
 3: /*top*/
 4: extern int t(void);
 5: int main(int argc, char **argv)
 6: {
 7:   if (argc > 1000000) {
 8:     printf("%p", &t);
 9:   }
10: 
11:   return 0;
12: }
13: int t(void) { PQsetSingleRowMode(); return 0; }
/* end */

--------------------

have_func: checking for rb_encdb_alias()... -------------------- yes

"gcc -o conftest -I/Users/coreydavis/.rvm/rubies/ruby-2.1.2/include/ruby-2.1.0/x86_64-darwin13.0 -I/Users/coreydavis/.rvm/rubies/ruby-2.1.2/include/ruby-2.1.0/ruby/backward -I/Users/coreydavis/.rvm/rubies/ruby-2.1.2/include/ruby-2.1.0 -I. -I/usr/local/Cellar/postgresql/9.3.5/include -D_XOPEN_SOURCE -D_DARWIN_C_SOURCE -D_DARWIN_UNLIMITED_SELECT -D_REENTRANT   -O3 -I/Users/travis/.sm/pkg/active/include -fPIC -mmacosx-version-min=10.7 -pipe conftest.c  -L. -L/Users/coreydavis/.rvm/rubies/ruby-2.1.2/lib -L/usr/local/Cellar/postgresql/9.3.5/lib -L. -L/Users/travis/.sm/pkg/active/lib -fPIC -Bstatic -fstack-protector -Wl,-rpath,/usr/local/Cellar/postgresql/9.3.5/lib   -arch x86_64  -lpq  -lruby-static -framework CoreFoundation -lpq  -lpthread -ldl -lobjc "
conftest.c:13:57: error: use of undeclared identifier 'rb_encdb_alias'
int t(void) { void ((*volatile p)()); p = (void ((*)()))rb_encdb_alias; return 0; }
                                                        ^
1 error generated.
checked program was:
/* begin */
 1: #include "ruby.h"
 2: 
 3: /*top*/
 4: extern int t(void);
 5: int main(int argc, char **argv)
 6: {
 7:   if (argc > 1000000) {
 8:     printf("%p", &t);
 9:   }
10: 
11:   return 0;
12: }
13: int t(void) { void ((*volatile p)()); p = (void ((*)()))rb_encdb_alias; return 0; }
/* end */

"gcc -o conftest -I/Users/coreydavis/.rvm/rubies/ruby-2.1.2/include/ruby-2.1.0/x86_64-darwin13.0 -I/Users/coreydavis/.rvm/rubies/ruby-2.1.2/include/ruby-2.1.0/ruby/backward -I/Users/coreydavis/.rvm/rubies/ruby-2.1.2/include/ruby-2.1.0 -I. -I/usr/local/Cellar/postgresql/9.3.5/include -D_XOPEN_SOURCE -D_DARWIN_C_SOURCE -D_DARWIN_UNLIMITED_SELECT -D_REENTRANT   -O3 -I/Users/travis/.sm/pkg/active/include -fPIC -mmacosx-version-min=10.7 -pipe conftest.c  -L. -L/Users/coreydavis/.rvm/rubies/ruby-2.1.2/lib -L/usr/local/Cellar/postgresql/9.3.5/lib -L. -L/Users/travis/.sm/pkg/active/lib -fPIC -Bstatic -fstack-protector -Wl,-rpath,/usr/local/Cellar/postgresql/9.3.5/lib   -arch x86_64  -lpq  -lruby-static -framework CoreFoundation -lpq  -lpthread -ldl -lobjc "
conftest.c:13:15: warning: implicit declaration of function 'rb_encdb_alias' is invalid in C99 [-Wimplicit-function-declaration]
int t(void) { rb_encdb_alias(); return 0; }
              ^
1 warning generated.
ld: warning: directory not found for option '-L/Users/travis/.sm/pkg/active/lib'
checked program was:
/* begin */
 1: #include "ruby.h"
 2: 
 3: /*top*/
 4: extern int t(void);
 5: int main(int argc, char **argv)
 6: {
 7:   if (argc > 1000000) {
 8:     printf("%p", &t);
 9:   }
10: 
11:   return 0;
12: }
13: int t(void) { rb_encdb_alias(); return 0; }
/* end */

--------------------

have_func: checking for rb_enc_alias()... -------------------- yes

"gcc -o conftest -I/Users/coreydavis/.rvm/rubies/ruby-2.1.2/include/ruby-2.1.0/x86_64-darwin13.0 -I/Users/coreydavis/.rvm/rubies/ruby-2.1.2/include/ruby-2.1.0/ruby/backward -I/Users/coreydavis/.rvm/rubies/ruby-2.1.2/include/ruby-2.1.0 -I. -I/usr/local/Cellar/postgresql/9.3.5/include -D_XOPEN_SOURCE -D_DARWIN_C_SOURCE -D_DARWIN_UNLIMITED_SELECT -D_REENTRANT   -O3 -I/Users/travis/.sm/pkg/active/include -fPIC -mmacosx-version-min=10.7 -pipe conftest.c  -L. -L/Users/coreydavis/.rvm/rubies/ruby-2.1.2/lib -L/usr/local/Cellar/postgresql/9.3.5/lib -L. -L/Users/travis/.sm/pkg/active/lib -fPIC -Bstatic -fstack-protector -Wl,-rpath,/usr/local/Cellar/postgresql/9.3.5/lib   -arch x86_64  -lpq  -lruby-static -framework CoreFoundation -lpq  -lpthread -ldl -lobjc "
conftest.c:13:57: error: use of undeclared identifier 'rb_enc_alias'
int t(void) { void ((*volatile p)()); p = (void ((*)()))rb_enc_alias; return 0; }
                                                        ^
1 error generated.
checked program was:
/* begin */
 1: #include "ruby.h"
 2: 
 3: /*top*/
 4: extern int t(void);
 5: int main(int argc, char **argv)
 6: {
 7:   if (argc > 1000000) {
 8:     printf("%p", &t);
 9:   }
10: 
11:   return 0;
12: }
13: int t(void) { void ((*volatile p)()); p = (void ((*)()))rb_enc_alias; return 0; }
/* end */

"gcc -o conftest -I/Users/coreydavis/.rvm/rubies/ruby-2.1.2/include/ruby-2.1.0/x86_64-darwin13.0 -I/Users/coreydavis/.rvm/rubies/ruby-2.1.2/include/ruby-2.1.0/ruby/backward -I/Users/coreydavis/.rvm/rubies/ruby-2.1.2/include/ruby-2.1.0 -I. -I/usr/local/Cellar/postgresql/9.3.5/include -D_XOPEN_SOURCE -D_DARWIN_C_SOURCE -D_DARWIN_UNLIMITED_SELECT -D_REENTRANT   -O3 -I/Users/travis/.sm/pkg/active/include -fPIC -mmacosx-version-min=10.7 -pipe conftest.c  -L. -L/Users/coreydavis/.rvm/rubies/ruby-2.1.2/lib -L/usr/local/Cellar/postgresql/9.3.5/lib -L. -L/Users/travis/.sm/pkg/active/lib -fPIC -Bstatic -fstack-protector -Wl,-rpath,/usr/local/Cellar/postgresql/9.3.5/lib   -arch x86_64  -lpq  -lruby-static -framework CoreFoundation -lpq  -lpthread -ldl -lobjc "
conftest.c:13:15: warning: implicit declaration of function 'rb_enc_alias' is invalid in C99 [-Wimplicit-function-declaration]
int t(void) { rb_enc_alias(); return 0; }
              ^
1 warning generated.
ld: warning: directory not found for option '-L/Users/travis/.sm/pkg/active/lib'
checked program was:
/* begin */
 1: #include "ruby.h"
 2: 
 3: /*top*/
 4: extern int t(void);
 5: int main(int argc, char **argv)
 6: {
 7:   if (argc > 1000000) {
 8:     printf("%p", &t);
 9:   }
10: 
11:   return 0;
12: }
13: int t(void) { rb_enc_alias(); return 0; }
/* end */

--------------------

have_func: checking for rb_thread_call_without_gvl()... -------------------- yes

"gcc -o conftest -I/Users/coreydavis/.rvm/rubies/ruby-2.1.2/include/ruby-2.1.0/x86_64-darwin13.0 -I/Users/coreydavis/.rvm/rubies/ruby-2.1.2/include/ruby-2.1.0/ruby/backward -I/Users/coreydavis/.rvm/rubies/ruby-2.1.2/include/ruby-2.1.0 -I. -I/usr/local/Cellar/postgresql/9.3.5/include -D_XOPEN_SOURCE -D_DARWIN_C_SOURCE -D_DARWIN_UNLIMITED_SELECT -D_REENTRANT   -O3 -I/Users/travis/.sm/pkg/active/include -fPIC -mmacosx-version-min=10.7 -pipe conftest.c  -L. -L/Users/coreydavis/.rvm/rubies/ruby-2.1.2/lib -L/usr/local/Cellar/postgresql/9.3.5/lib -L. -L/Users/travis/.sm/pkg/active/lib -fPIC -Bstatic -fstack-protector -Wl,-rpath,/usr/local/Cellar/postgresql/9.3.5/lib   -arch x86_64  -lpq  -lruby-static -framework CoreFoundation -lpq  -lpthread -ldl -lobjc "
conftest.c:13:57: error: use of undeclared identifier 'rb_thread_call_without_gvl'
int t(void) { void ((*volatile p)()); p = (void ((*)()))rb_thread_call_without_gvl; return 0; }
                                                        ^
1 error generated.
checked program was:
/* begin */
 1: #include "ruby.h"
 2: 
 3: /*top*/
 4: extern int t(void);
 5: int main(int argc, char **argv)
 6: {
 7:   if (argc > 1000000) {
 8:     printf("%p", &t);
 9:   }
10: 
11:   return 0;
12: }
13: int t(void) { void ((*volatile p)()); p = (void ((*)()))rb_thread_call_without_gvl; return 0; }
/* end */

"gcc -o conftest -I/Users/coreydavis/.rvm/rubies/ruby-2.1.2/include/ruby-2.1.0/x86_64-darwin13.0 -I/Users/coreydavis/.rvm/rubies/ruby-2.1.2/include/ruby-2.1.0/ruby/backward -I/Users/coreydavis/.rvm/rubies/ruby-2.1.2/include/ruby-2.1.0 -I. -I/usr/local/Cellar/postgresql/9.3.5/include -D_XOPEN_SOURCE -D_DARWIN_C_SOURCE -D_DARWIN_UNLIMITED_SELECT -D_REENTRANT   -O3 -I/Users/travis/.sm/pkg/active/include -fPIC -mmacosx-version-min=10.7 -pipe conftest.c  -L. -L/Users/coreydavis/.rvm/rubies/ruby-2.1.2/lib -L/usr/local/Cellar/postgresql/9.3.5/lib -L. -L/Users/travis/.sm/pkg/active/lib -fPIC -Bstatic -fstack-protector -Wl,-rpath,/usr/local/Cellar/postgresql/9.3.5/lib   -arch x86_64  -lpq  -lruby-static -framework CoreFoundation -lpq  -lpthread -ldl -lobjc "
conftest.c:13:15: warning: implicit declaration of function 'rb_thread_call_without_gvl' is invalid in C99 [-Wimplicit-function-declaration]
int t(void) { rb_thread_call_without_gvl(); return 0; }
              ^
1 warning generated.
ld: warning: directory not found for option '-L/Users/travis/.sm/pkg/active/lib'
checked program was:
/* begin */
 1: #include "ruby.h"
 2: 
 3: /*top*/
 4: extern int t(void);
 5: int main(int argc, char **argv)
 6: {
 7:   if (argc > 1000000) {
 8:     printf("%p", &t);
 9:   }
10: 
11:   return 0;
12: }
13: int t(void) { rb_thread_call_without_gvl(); return 0; }
/* end */

--------------------

have_func: checking for rb_thread_call_with_gvl()... -------------------- yes

"gcc -o conftest -I/Users/coreydavis/.rvm/rubies/ruby-2.1.2/include/ruby-2.1.0/x86_64-darwin13.0 -I/Users/coreydavis/.rvm/rubies/ruby-2.1.2/include/ruby-2.1.0/ruby/backward -I/Users/coreydavis/.rvm/rubies/ruby-2.1.2/include/ruby-2.1.0 -I. -I/usr/local/Cellar/postgresql/9.3.5/include -D_XOPEN_SOURCE -D_DARWIN_C_SOURCE -D_DARWIN_UNLIMITED_SELECT -D_REENTRANT   -O3 -I/Users/travis/.sm/pkg/active/include -fPIC -mmacosx-version-min=10.7 -pipe conftest.c  -L. -L/Users/coreydavis/.rvm/rubies/ruby-2.1.2/lib -L/usr/local/Cellar/postgresql/9.3.5/lib -L. -L/Users/travis/.sm/pkg/active/lib -fPIC -Bstatic -fstack-protector -Wl,-rpath,/usr/local/Cellar/postgresql/9.3.5/lib   -arch x86_64  -lpq  -lruby-static -framework CoreFoundation -lpq  -lpthread -ldl -lobjc "
conftest.c:13:57: error: use of undeclared identifier 'rb_thread_call_with_gvl'
int t(void) { void ((*volatile p)()); p = (void ((*)()))rb_thread_call_with_gvl; return 0; }
                                                        ^
1 error generated.
checked program was:
/* begin */
 1: #include "ruby.h"
 2: 
 3: /*top*/
 4: extern int t(void);
 5: int main(int argc, char **argv)
 6: {
 7:   if (argc > 1000000) {
 8:     printf("%p", &t);
 9:   }
10: 
11:   return 0;
12: }
13: int t(void) { void ((*volatile p)()); p = (void ((*)()))rb_thread_call_with_gvl; return 0; }
/* end */

"gcc -o conftest -I/Users/coreydavis/.rvm/rubies/ruby-2.1.2/include/ruby-2.1.0/x86_64-darwin13.0 -I/Users/coreydavis/.rvm/rubies/ruby-2.1.2/include/ruby-2.1.0/ruby/backward -I/Users/coreydavis/.rvm/rubies/ruby-2.1.2/include/ruby-2.1.0 -I. -I/usr/local/Cellar/postgresql/9.3.5/include -D_XOPEN_SOURCE -D_DARWIN_C_SOURCE -D_DARWIN_UNLIMITED_SELECT -D_REENTRANT   -O3 -I/Users/travis/.sm/pkg/active/include -fPIC -mmacosx-version-min=10.7 -pipe conftest.c  -L. -L/Users/coreydavis/.rvm/rubies/ruby-2.1.2/lib -L/usr/local/Cellar/postgresql/9.3.5/lib -L. -L/Users/travis/.sm/pkg/active/lib -fPIC -Bstatic -fstack-protector -Wl,-rpath,/usr/local/Cellar/postgresql/9.3.5/lib   -arch x86_64  -lpq  -lruby-static -framework CoreFoundation -lpq  -lpthread -ldl -lobjc "
conftest.c:13:15: warning: implicit declaration of function 'rb_thread_call_with_gvl' is invalid in C99 [-Wimplicit-function-declaration]
int t(void) { rb_thread_call_with_gvl(); return 0; }
              ^
1 warning generated.
ld: warning: directory not found for option '-L/Users/travis/.sm/pkg/active/lib'
checked program was:
/* begin */
 1: #include "ruby.h"
 2: 
 3: /*top*/
 4: extern int t(void);
 5: int main(int argc, char **argv)
 6: {
 7:   if (argc > 1000000) {
 8:     printf("%p", &t);
 9:   }
10: 
11:   return 0;
12: }
13: int t(void) { rb_thread_call_with_gvl(); return 0; }
/* end */

--------------------

have_func: checking for rb_thread_fd_select()... -------------------- yes

"gcc -o conftest -I/Users/coreydavis/.rvm/rubies/ruby-2.1.2/include/ruby-2.1.0/x86_64-darwin13.0 -I/Users/coreydavis/.rvm/rubies/ruby-2.1.2/include/ruby-2.1.0/ruby/backward -I/Users/coreydavis/.rvm/rubies/ruby-2.1.2/include/ruby-2.1.0 -I. -I/usr/local/Cellar/postgresql/9.3.5/include -D_XOPEN_SOURCE -D_DARWIN_C_SOURCE -D_DARWIN_UNLIMITED_SELECT -D_REENTRANT   -O3 -I/Users/travis/.sm/pkg/active/include -fPIC -mmacosx-version-min=10.7 -pipe conftest.c  -L. -L/Users/coreydavis/.rvm/rubies/ruby-2.1.2/lib -L/usr/local/Cellar/postgresql/9.3.5/lib -L. -L/Users/travis/.sm/pkg/active/lib -fPIC -Bstatic -fstack-protector -Wl,-rpath,/usr/local/Cellar/postgresql/9.3.5/lib   -arch x86_64  -lpq  -lruby-static -framework CoreFoundation -lpq  -lpthread -ldl -lobjc "
ld: warning: directory not found for option '-L/Users/travis/.sm/pkg/active/lib'
checked program was:
/* begin */
 1: #include "ruby.h"
 2: 
 3: /*top*/
 4: extern int t(void);
 5: int main(int argc, char **argv)
 6: {
 7:   if (argc > 1000000) {
 8:     printf("%p", &t);
 9:   }
10: 
11:   return 0;
12: }
13: int t(void) { void ((*volatile p)()); p = (void ((*)()))rb_thread_fd_select; return 0; }
/* end */

--------------------

have_func: checking for rb_w32_wrap_io_handle()... -------------------- no

"gcc -o conftest -I/Users/coreydavis/.rvm/rubies/ruby-2.1.2/include/ruby-2.1.0/x86_64-darwin13.0 -I/Users/coreydavis/.rvm/rubies/ruby-2.1.2/include/ruby-2.1.0/ruby/backward -I/Users/coreydavis/.rvm/rubies/ruby-2.1.2/include/ruby-2.1.0 -I. -I/usr/local/Cellar/postgresql/9.3.5/include -D_XOPEN_SOURCE -D_DARWIN_C_SOURCE -D_DARWIN_UNLIMITED_SELECT -D_REENTRANT   -O3 -I/Users/travis/.sm/pkg/active/include -fPIC -mmacosx-version-min=10.7 -pipe conftest.c  -L. -L/Users/coreydavis/.rvm/rubies/ruby-2.1.2/lib -L/usr/local/Cellar/postgresql/9.3.5/lib -L. -L/Users/travis/.sm/pkg/active/lib -fPIC -Bstatic -fstack-protector -Wl,-rpath,/usr/local/Cellar/postgresql/9.3.5/lib   -arch x86_64  -lpq  -lruby-static -framework CoreFoundation -lpq  -lpthread -ldl -lobjc "
conftest.c:13:57: error: use of undeclared identifier 'rb_w32_wrap_io_handle'
int t(void) { void ((*volatile p)()); p = (void ((*)()))rb_w32_wrap_io_handle; return 0; }
                                                        ^
1 error generated.
checked program was:
/* begin */
 1: #include "ruby.h"
 2: 
 3: /*top*/
 4: extern int t(void);
 5: int main(int argc, char **argv)
 6: {
 7:   if (argc > 1000000) {
 8:     printf("%p", &t);
 9:   }
10: 
11:   return 0;
12: }
13: int t(void) { void ((*volatile p)()); p = (void ((*)()))rb_w32_wrap_io_handle; return 0; }
/* end */

"gcc -o conftest -I/Users/coreydavis/.rvm/rubies/ruby-2.1.2/include/ruby-2.1.0/x86_64-darwin13.0 -I/Users/coreydavis/.rvm/rubies/ruby-2.1.2/include/ruby-2.1.0/ruby/backward -I/Users/coreydavis/.rvm/rubies/ruby-2.1.2/include/ruby-2.1.0 -I. -I/usr/local/Cellar/postgresql/9.3.5/include -D_XOPEN_SOURCE -D_DARWIN_C_SOURCE -D_DARWIN_UNLIMITED_SELECT -D_REENTRANT   -O3 -I/Users/travis/.sm/pkg/active/include -fPIC -mmacosx-version-min=10.7 -pipe conftest.c  -L. -L/Users/coreydavis/.rvm/rubies/ruby-2.1.2/lib -L/usr/local/Cellar/postgresql/9.3.5/lib -L. -L/Users/travis/.sm/pkg/active/lib -fPIC -Bstatic -fstack-protector -Wl,-rpath,/usr/local/Cellar/postgresql/9.3.5/lib   -arch x86_64  -lpq  -lruby-static -framework CoreFoundation -lpq  -lpthread -ldl -lobjc "
conftest.c:13:15: warning: implicit declaration of function 'rb_w32_wrap_io_handle' is invalid in C99 [-Wimplicit-function-declaration]
int t(void) { rb_w32_wrap_io_handle(); return 0; }
              ^
1 warning generated.
ld: warning: directory not found for option '-L/Users/travis/.sm/pkg/active/lib'
Undefined symbols for architecture x86_64:
  "_rb_w32_wrap_io_handle", referenced from:
      _t in conftest-99865b.o
ld: symbol(s) not found for architecture x86_64
clang: error: linker command failed with exit code 1 (use -v to see invocation)
checked program was:
/* begin */
 1: #include "ruby.h"
 2: 
 3: /*top*/
 4: extern int t(void);
 5: int main(int argc, char **argv)
 6: {
 7:   if (argc > 1000000) {
 8:     printf("%p", &t);
 9:   }
10: 
11:   return 0;
12: }
13: int t(void) { rb_w32_wrap_io_handle(); return 0; }
/* end */

--------------------

have_const: checking for PGRES_COPY_BOTH in libpq-fe.h... -------------------- yes

"gcc -I/Users/coreydavis/.rvm/rubies/ruby-2.1.2/include/ruby-2.1.0/x86_64-darwin13.0 -I/Users/coreydavis/.rvm/rubies/ruby-2.1.2/include/ruby-2.1.0/ruby/backward -I/Users/coreydavis/.rvm/rubies/ruby-2.1.2/include/ruby-2.1.0 -I. -I/usr/local/Cellar/postgresql/9.3.5/include -D_XOPEN_SOURCE -D_DARWIN_C_SOURCE -D_DARWIN_UNLIMITED_SELECT -D_REENTRANT   -O3 -I/Users/travis/.sm/pkg/active/include -fPIC -mmacosx-version-min=10.7 -pipe  -arch x86_64  -c conftest.c"
checked program was:
/* begin */
1: #include "ruby.h"
2: 
3: #include <libpq-fe.h>
4: 
5: /*top*/
6: typedef int conftest_type;
7: conftest_type conftestval = (int)PGRES_COPY_BOTH;
/* end */

--------------------

have_const: checking for PGRES_SINGLE_TUPLE in libpq-fe.h... -------------------- yes

"gcc -I/Users/coreydavis/.rvm/rubies/ruby-2.1.2/include/ruby-2.1.0/x86_64-darwin13.0 -I/Users/coreydavis/.rvm/rubies/ruby-2.1.2/include/ruby-2.1.0/ruby/backward -I/Users/coreydavis/.rvm/rubies/ruby-2.1.2/include/ruby-2.1.0 -I. -I/usr/local/Cellar/postgresql/9.3.5/include -D_XOPEN_SOURCE -D_DARWIN_C_SOURCE -D_DARWIN_UNLIMITED_SELECT -D_REENTRANT   -O3 -I/Users/travis/.sm/pkg/active/include -fPIC -mmacosx-version-min=10.7 -pipe  -arch x86_64  -c conftest.c"
checked program was:
/* begin */
1: #include "ruby.h"
2: 
3: #include <libpq-fe.h>
4: 
5: /*top*/
6: typedef int conftest_type;
7: conftest_type conftestval = (int)PGRES_SINGLE_TUPLE;
/* end */

--------------------

have_const: checking for PG_DIAG_TABLE_NAME in libpq-fe.h... -------------------- yes

"gcc -I/Users/coreydavis/.rvm/rubies/ruby-2.1.2/include/ruby-2.1.0/x86_64-darwin13.0 -I/Users/coreydavis/.rvm/rubies/ruby-2.1.2/include/ruby-2.1.0/ruby/backward -I/Users/coreydavis/.rvm/rubies/ruby-2.1.2/include/ruby-2.1.0 -I. -I/usr/local/Cellar/postgresql/9.3.5/include -D_XOPEN_SOURCE -D_DARWIN_C_SOURCE -D_DARWIN_UNLIMITED_SELECT -D_REENTRANT   -O3 -I/Users/travis/.sm/pkg/active/include -fPIC -mmacosx-version-min=10.7 -pipe  -arch x86_64  -c conftest.c"
checked program was:
/* begin */
1: #include "ruby.h"
2: 
3: #include <libpq-fe.h>
4: 
5: /*top*/
6: typedef int conftest_type;
7: conftest_type conftestval = (int)PG_DIAG_TABLE_NAME;
/* end */

--------------------

have_struct_member: checking for struct pgNotify.extra in libpq-fe.h... -------------------- yes

"gcc -I/Users/coreydavis/.rvm/rubies/ruby-2.1.2/include/ruby-2.1.0/x86_64-darwin13.0 -I/Users/coreydavis/.rvm/rubies/ruby-2.1.2/include/ruby-2.1.0/ruby/backward -I/Users/coreydavis/.rvm/rubies/ruby-2.1.2/include/ruby-2.1.0 -I. -I/usr/local/Cellar/postgresql/9.3.5/include -D_XOPEN_SOURCE -D_DARWIN_C_SOURCE -D_DARWIN_UNLIMITED_SELECT -D_REENTRANT   -O3 -I/Users/travis/.sm/pkg/active/include -fPIC -mmacosx-version-min=10.7 -pipe  -arch x86_64  -c conftest.c"
checked program was:
/* begin */
 1: #include "ruby.h"
 2: 
 3: #include <libpq-fe.h>
 4: 
 5: /*top*/
 6: int s = (char *)&((struct pgNotify*)0)->extra - (char *)0;
 7: int main(int argc, char **argv)
 8: {
 9:   return 0;
10: }
/* end */

--------------------

have_header: checking for unistd.h... -------------------- yes

"gcc -E -I/Users/coreydavis/.rvm/rubies/ruby-2.1.2/include/ruby-2.1.0/x86_64-darwin13.0 -I/Users/coreydavis/.rvm/rubies/ruby-2.1.2/include/ruby-2.1.0/ruby/backward -I/Users/coreydavis/.rvm/rubies/ruby-2.1.2/include/ruby-2.1.0 -I. -I/usr/local/Cellar/postgresql/9.3.5/include -D_XOPEN_SOURCE -D_DARWIN_C_SOURCE -D_DARWIN_UNLIMITED_SELECT -D_REENTRANT   -O3 -I/Users/travis/.sm/pkg/active/include -fPIC -mmacosx-version-min=10.7 -pipe  conftest.c -o conftest.i"
checked program was:
/* begin */
1: #include "ruby.h"
2: 
3: #include <unistd.h>
/* end */

--------------------

have_header: checking for ruby/st.h... -------------------- yes

"gcc -E -I/Users/coreydavis/.rvm/rubies/ruby-2.1.2/include/ruby-2.1.0/x86_64-darwin13.0 -I/Users/coreydavis/.rvm/rubies/ruby-2.1.2/include/ruby-2.1.0/ruby/backward -I/Users/coreydavis/.rvm/rubies/ruby-2.1.2/include/ruby-2.1.0 -I. -I/usr/local/Cellar/postgresql/9.3.5/include -D_XOPEN_SOURCE -D_DARWIN_C_SOURCE -D_DARWIN_UNLIMITED_SELECT -D_REENTRANT   -O3 -I/Users/travis/.sm/pkg/active/include -fPIC -mmacosx-version-min=10.7 -pipe  conftest.c -o conftest.i"
checked program was:
/* begin */
1: #include "ruby.h"
2: 
3: #include <ruby/st.h>
/* end */

--------------------

extconf.h is:
/* begin */
 1: #ifndef EXTCONF_H
 2: #define EXTCONF_H
 3: #define HAVE_PQCONNECTIONUSEDPASSWORD 1
 4: #define HAVE_PQISTHREADSAFE 1
 5: #define HAVE_PQPREPARE 1
 6: #define HAVE_PQEXECPARAMS 1
 7: #define HAVE_PQESCAPESTRING 1
 8: #define HAVE_PQESCAPESTRINGCONN 1
 9: #define HAVE_PQESCAPELITERAL 1
10: #define HAVE_PQESCAPEIDENTIFIER 1
11: #define HAVE_PQGETCANCEL 1
12: #define HAVE_LO_CREATE 1
13: #define HAVE_PG_ENCODING_TO_CHAR 1
14: #define HAVE_PG_CHAR_TO_ENCODING 1
15: #define HAVE_PQSETCLIENTENCODING 1
16: #define HAVE_PQLIBVERSION 1
17: #define HAVE_PQPING 1
18: #define HAVE_PQSETSINGLEROWMODE 1
19: #define HAVE_RB_ENCDB_ALIAS 1
20: #define HAVE_RB_ENC_ALIAS 1
21: #define HAVE_RB_THREAD_CALL_WITHOUT_GVL 1
22: #define HAVE_RB_THREAD_CALL_WITH_GVL 1
23: #define HAVE_RB_THREAD_FD_SELECT 1
24: #define HAVE_CONST_PGRES_COPY_BOTH 1
25: #define HAVE_CONST_PGRES_SINGLE_TUPLE 1
26: #define HAVE_CONST_PG_DIAG_TABLE_NAME 1
27: #define HAVE_STRUCT_PGNOTIFY_EXTRA 1
28: #define HAVE_ST_EXTRA 1
29: #define HAVE_ST_NOTIFY_EXTRA 1
30: #define HAVE_UNISTD_H 1
31: #define HAVE_RUBY_ST_H 1
32: #endif
/* end */

