{
  "RSpec": {
    "coverage": {
      "/Users/coreydavis/GDI/gdi-new-site/app/controllers/application_controller.rb": [
        1,
        null,
        null,
        1,
        null,
        null,
        1,
        0,
        null,
        null,
        null,
        null,
        null,
        null,
        null,
        null,
        null,
        null
      ],
      "/Users/coreydavis/GDI/gdi-new-site/app/helpers/application_helper.rb": [
        1,
        null
      ],
      "/Users/coreydavis/GDI/gdi-new-site/app/helpers/chapters_helper.rb": [
        1,
        1,
        0,
        null,
        null
      ],
      "/Users/coreydavis/GDI/gdi-new-site/app/helpers/home_helper.rb": [
        1,
        null
      ],
      "/Users/coreydavis/GDI/gdi-new-site/app/helpers/meetups_helper.rb": [
        1,
        null
      ],
      "/Users/coreydavis/GDI/gdi-new-site/app/models/role.rb": [
        1,
        1,
        1,
        1,
        null,
        1,
        null
      ],
      "/Users/coreydavis/GDI/gdi-new-site/app/models/admin_user.rb": [
        1,
        1,
        null,
        null,
        1,
        null,
        1,
        1,
        1,
        null
      ],
      "/Users/coreydavis/GDI/gdi-new-site/app/admin/admin_user.rb": [
        1,
        null,
        1,
        null,
        1,
        0,
        0,
        0,
        0,
        0,
        0,
        0,
        0,
        null,
        null,
        0,
        null,
        null,
        1,
        1,
        1,
        1,
        1,
        null,
        1,
        0,
        0,
        0,
        0,
        0,
        0,
        null,
        0,
        null,
        null,
        null
      ],
      "/Users/coreydavis/GDI/gdi-new-site/app/admin/bio.rb": [
        1,
        null,
        null,
        null,
        null,
        1,
        null,
        null,
        1,
        0,
        0,
        0,
        0,
        0,
        0,
        0,
        0,
        0,
        0,
        0,
        0,
        0,
        0,
        0,
        0,
        null,
        null,
        0,
        null,
        null,
        1,
        0,
        0,
        0,
        0,
        0,
        0,
        0,
        null,
        null,
        0,
        0,
        0,
        0,
        0,
        0,
        null,
        null,
        0,
        null,
        null,
        null,
        null,
        null,
        null,
        null,
        null,
        null,
        null,
        null,
        null,
        null
      ],
      "/Users/coreydavis/GDI/gdi-new-site/app/models/bio.rb": [
        1,
        1,
        1,
        1,
        null,
        1,
        null
      ],
      "/Users/coreydavis/GDI/gdi-new-site/app/uploaders/profile_image_uploader.rb": [
        null,
        null,
        1,
        1,
        null,
        1,
        0,
        null,
        null,
        1,
        null,
        1,
        0,
        null,
        null,
        1,
        0,
        0,
        0,
        null,
        0,
        null,
        null
      ],
      "/Users/coreydavis/GDI/gdi-new-site/app/admin/chapter.rb": [
        1,
        null,
        null,
        null,
        null,
        null,
        1,
        null,
        1,
        0,
        0,
        0,
        0,
        0,
        0,
        0,
        0,
        null,
        null,
        1,
        1,
        1,
        1,
        1,
        1,
        null,
        null,
        1,
        0,
        0,
        0,
        0,
        0,
        0,
        0,
        0,
        0,
        0,
        null,
        0,
        null,
        null,
        null,
        null,
        null,
        null,
        null,
        null,
        null,
        null,
        null,
        null
      ],
      "/Users/coreydavis/GDI/gdi-new-site/app/models/chapter.rb": [
        1,
        1,
        1,
        null,
        1,
        1,
        1,
        1,
        null,
        1,
        1,
        1,
        null,
        1,
        0,
        0,
        null,
        null,
        1,
        null
      ],
      "/Users/coreydavis/GDI/gdi-new-site/app/admin/dashboard.rb": [
        1,
        null,
        1,
        null,
        1,
        0,
        0,
        0,
        0,
        null,
        null,
        null,
        null,
        null,
        null,
        null,
        null,
        null,
        null,
        null,
        null,
        null,
        null,
        null,
        null,
        null,
        null,
        null,
        null,
        null,
        null,
        null,
        null
      ],
      "/Users/coreydavis/GDI/gdi-new-site/app/admin/sponsor.rb": [
        1,
        null,
        null,
        null,
        null,
        null,
        1,
        null,
        1,
        0,
        0,
        0,
        0,
        0,
        0,
        0,
        0,
        null,
        null,
        null,
        null,
        1,
        0,
        0,
        0,
        0,
        0,
        null,
        0,
        null,
        null,
        null,
        null,
        null,
        null,
        null,
        null,
        null,
        null,
        null
      ],
      "/Users/coreydavis/GDI/gdi-new-site/app/models/sponsor.rb": [
        1,
        1,
        1,
        1,
        null
      ],
      "/Users/coreydavis/GDI/gdi-new-site/app/uploaders/sponsor_image_uploader.rb": [
        null,
        null,
        1,
        1,
        null,
        1,
        0,
        null,
        null,
        1,
        null,
        1,
        0,
        null,
        null,
        1,
        0,
        0,
        0,
        null,
        0,
        null,
        null
      ],
      "/Users/coreydavis/GDI/gdi-new-site/app/models/ability.rb": [
        1,
        1,
        null,
        1,
        7,
        7,
        5,
        null,
        7,
        1,
        6,
        4,
        4,
        4,
        4,
        null,
        2,
        null,
        null,
        null
      ]
    },
    "timestamp": 1422723036
  }
}
